0 info it worked if it ends with ok
1 verbose cli [ '/usr/local/bin/node',
1 verbose cli   '/usr/local/bin/npm',
1 verbose cli   'install',
1 verbose cli   '-g',
1 verbose cli   'bower-installer' ]
2 info using npm@2.15.9
3 info using node@v4.5.0
4 verbose install initial load of /usr/local/lib/package.json
5 verbose readDependencies loading dependencies from /usr/local/lib/package.json
6 silly cache add args [ 'bower-installer', null ]
7 verbose cache add spec bower-installer
8 silly cache add parsed spec Result {
8 silly cache add   raw: 'bower-installer',
8 silly cache add   scope: null,
8 silly cache add   name: 'bower-installer',
8 silly cache add   rawSpec: '',
8 silly cache add   spec: 'latest',
8 silly cache add   type: 'tag' }
9 silly addNamed bower-installer@latest
10 verbose addNamed "latest" is being treated as a dist-tag for bower-installer
11 info addNameTag [ 'bower-installer', 'latest' ]
12 silly mapToRegistry name bower-installer
13 silly mapToRegistry using default registry
14 silly mapToRegistry registry https://registry.npmjs.org/
15 silly mapToRegistry data Result {
15 silly mapToRegistry   raw: 'bower-installer',
15 silly mapToRegistry   scope: null,
15 silly mapToRegistry   name: 'bower-installer',
15 silly mapToRegistry   rawSpec: '',
15 silly mapToRegistry   spec: 'latest',
15 silly mapToRegistry   type: 'tag' }
16 silly mapToRegistry uri https://registry.npmjs.org/bower-installer
17 verbose addNameTag registry:https://registry.npmjs.org/bower-installer not in flight; fetching
18 verbose request uri https://registry.npmjs.org/bower-installer
19 verbose request no auth needed
20 info attempt registry request try #1 at 1:37:46 PM
21 verbose request id 6f34cb0d42ca4b1a
22 http request GET https://registry.npmjs.org/bower-installer
23 http 200 https://registry.npmjs.org/bower-installer
24 verbose headers { server: 'nginx/1.10.3',
24 verbose headers   'content-type': 'application/json',
24 verbose headers   'last-modified': 'Wed, 05 Jul 2017 08:25:27 GMT',
24 verbose headers   etag: 'W/"595ca277-e1a4"',
24 verbose headers   'content-encoding': 'gzip',
24 verbose headers   'cache-control': 'max-age=300',
24 verbose headers   'content-length': '6682',
24 verbose headers   'accept-ranges': 'bytes',
24 verbose headers   date: 'Sat, 14 Oct 2017 08:37:38 GMT',
24 verbose headers   via: '1.1 varnish',
24 verbose headers   age: '0',
24 verbose headers   connection: 'keep-alive',
24 verbose headers   'x-served-by': 'cache-hkg17920-HKG',
24 verbose headers   'x-cache': 'MISS',
24 verbose headers   'x-cache-hits': '0',
24 verbose headers   'x-timer': 'S1507970258.345295,VS0,VE213',
24 verbose headers   vary: 'Accept-Encoding, Accept' }
25 silly get cb [ 200,
25 silly get   { server: 'nginx/1.10.3',
25 silly get     'content-type': 'application/json',
25 silly get     'last-modified': 'Wed, 05 Jul 2017 08:25:27 GMT',
25 silly get     etag: 'W/"595ca277-e1a4"',
25 silly get     'content-encoding': 'gzip',
25 silly get     'cache-control': 'max-age=300',
25 silly get     'content-length': '6682',
25 silly get     'accept-ranges': 'bytes',
25 silly get     date: 'Sat, 14 Oct 2017 08:37:38 GMT',
25 silly get     via: '1.1 varnish',
25 silly get     age: '0',
25 silly get     connection: 'keep-alive',
25 silly get     'x-served-by': 'cache-hkg17920-HKG',
25 silly get     'x-cache': 'MISS',
25 silly get     'x-cache-hits': '0',
25 silly get     'x-timer': 'S1507970258.345295,VS0,VE213',
25 silly get     vary: 'Accept-Encoding, Accept' } ]
26 verbose get saving bower-installer to /Users/navid/.npm/registry.npmjs.org/bower-installer/.cache.json
27 verbose correctMkdir /Users/navid/.npm correctMkdir not in flight; initializing
28 silly addNameTag next cb for bower-installer with tag latest
29 silly addNamed bower-installer@1.3.6
30 verbose addNamed "1.3.6" is a plain semver version for bower-installer
31 silly mapToRegistry name bower-installer
32 silly mapToRegistry using default registry
33 silly mapToRegistry registry https://registry.npmjs.org/
34 silly mapToRegistry data Result {
34 silly mapToRegistry   raw: 'bower-installer',
34 silly mapToRegistry   scope: null,
34 silly mapToRegistry   name: 'bower-installer',
34 silly mapToRegistry   rawSpec: '',
34 silly mapToRegistry   spec: 'latest',
34 silly mapToRegistry   type: 'tag' }
35 silly mapToRegistry uri https://registry.npmjs.org/bower-installer
36 verbose addRemoteTarball https://registry.npmjs.org/bower-installer/-/bower-installer-1.3.6.tgz not in flight; adding
37 verbose addRemoteTarball [ 'https://registry.npmjs.org/bower-installer/-/bower-installer-1.3.6.tgz',
37 verbose addRemoteTarball   'cf7839b65421d2b270ab22c74fc858a55e3a1370' ]
38 info retry fetch attempt 1 at 1:37:48 PM
39 info attempt registry request try #1 at 1:37:48 PM
40 http fetch GET https://registry.npmjs.org/bower-installer/-/bower-installer-1.3.6.tgz
41 http fetch 200 https://registry.npmjs.org/bower-installer/-/bower-installer-1.3.6.tgz
42 silly fetchAndShaCheck shasum cf7839b65421d2b270ab22c74fc858a55e3a1370
43 verbose addTmpTarball /var/folders/53/3yh9gq0114lcwnckkf8v2ffw0000gn/T/npm-41294-13aa292e/registry.npmjs.org/bower-installer/-/bower-installer-1.3.6.tgz not in flight; adding
44 verbose addTmpTarball already have metadata; skipping unpack for bower-installer@1.3.6
45 verbose correctMkdir /Users/navid/.npm correctMkdir not in flight; initializing
46 silly cache afterAdd bower-installer@1.3.6
47 verbose afterAdd /Users/navid/.npm/bower-installer/1.3.6/package/package.json not in flight; writing
48 verbose correctMkdir /Users/navid/.npm correctMkdir not in flight; initializing
49 verbose afterAdd /Users/navid/.npm/bower-installer/1.3.6/package/package.json written
50 silly install resolved [ { name: 'bower-installer',
50 silly install resolved     version: '1.3.6',
50 silly install resolved     preferGlobal: true,
50 silly install resolved     description: 'Tool for installing bower dependencies that won\'t include entire repos',
50 silly install resolved     main: 'bower-installer.js',
50 silly install resolved     dependencies:
50 silly install resolved      { async: '^2.1.4',
50 silly install resolved        bower: '^1.8.0',
50 silly install resolved        colors: '^1.1.2',
50 silly install resolved        glob: '^7.1.1',
50 silly install resolved        lodash: '^4.17.2',
50 silly install resolved        mkdirp: '^0.5.1',
50 silly install resolved        'node-fs': '~0.1.7',
50 silly install resolved        nopt: '^3.0.6' },
50 silly install resolved     engines: { node: '>=0.10.0' },
50 silly install resolved     devDependencies: { jasmine: '^2.5.2', rimraf: '^2.5.4' },
50 silly install resolved     scripts: { test: 'jasmine JASMINE_CONFIG_PATH=test/jasmine.config.json' },
50 silly install resolved     repository:
50 silly install resolved      { type: 'git',
50 silly install resolved        url: 'git+https://github.com/rquadling/bower-installer.git' },
50 silly install resolved     keywords: [ 'bower', 'install', 'dependencies' ],
50 silly install resolved     author: { name: 'Bret Little' },
50 silly install resolved     contributors: [ [Object] ],
50 silly install resolved     license: 'MIT',
50 silly install resolved     bin: { 'bower-installer': './bower-installer.js' },
50 silly install resolved     bugs: { url: 'https://github.com/rquadling/bower-installer/issues' },
50 silly install resolved     homepage: 'https://github.com/rquadling/bower-installer#readme',
50 silly install resolved     directories: { test: 'test' },
50 silly install resolved     gitHead: 'bb89b88e7ac75ac48e2d8d5335151ba3df7d457e',
50 silly install resolved     _id: 'bower-installer@1.3.6',
50 silly install resolved     _shasum: 'cf7839b65421d2b270ab22c74fc858a55e3a1370',
50 silly install resolved     _from: 'bower-installer@latest',
50 silly install resolved     _npmVersion: '4.2.0',
50 silly install resolved     _nodeVersion: '7.9.0',
50 silly install resolved     _npmUser: { name: 'rquadling', email: 'RQuadling@GMail.com' },
50 silly install resolved     dist:
50 silly install resolved      { shasum: 'cf7839b65421d2b270ab22c74fc858a55e3a1370',
50 silly install resolved        tarball: 'https://registry.npmjs.org/bower-installer/-/bower-installer-1.3.6.tgz' },
50 silly install resolved     maintainers: [ [Object], [Object] ],
50 silly install resolved     _npmOperationalInternal:
50 silly install resolved      { host: 'packages-18-east.internal.npmjs.com',
50 silly install resolved        tmp: 'tmp/bower-installer-1.3.6.tgz_1492816128496_0.9538739824201912' },
50 silly install resolved     _resolved: 'https://registry.npmjs.org/bower-installer/-/bower-installer-1.3.6.tgz' } ]
51 info install bower-installer@1.3.6 into /usr/local/lib
52 info installOne bower-installer@1.3.6
53 verbose installOne of bower-installer to /usr/local/lib not in flight; installing
54 verbose correctMkdir /Users/navid/.npm/_locks correctMkdir not in flight; initializing
55 verbose lock using /Users/navid/.npm/_locks/bower-installer-4e9e99dfa281352b.lock for /usr/local/lib/node_modules/bower-installer
56 silly install write writing bower-installer 1.3.6 to /usr/local/lib/node_modules/bower-installer
57 verbose unbuild lib/node_modules/bower-installer
58 silly gentlyRm /usr/local/lib/node_modules/bower-installer is being purged from base /usr/local
59 verbose gentlyRm don't care about contents; nuking /usr/local/lib/node_modules/bower-installer
60 verbose tar unpack /Users/navid/.npm/bower-installer/1.3.6/package.tgz
61 verbose tar unpacking to /usr/local/lib/node_modules/bower-installer
62 silly gentlyRm /usr/local/lib/node_modules/bower-installer is being purged
63 verbose gentlyRm don't care about contents; nuking /usr/local/lib/node_modules/bower-installer
64 silly gunzTarPerm modes [ '755', '644' ]
65 error tar.unpack untar error /Users/navid/.npm/bower-installer/1.3.6/package.tgz
66 verbose unlock done using /Users/navid/.npm/_locks/bower-installer-4e9e99dfa281352b.lock for /usr/local/lib/node_modules/bower-installer
67 verbose fstream_path /usr/local/lib/node_modules/bower-installer
68 verbose fstream_type Directory
69 verbose fstream_class DirWriter
70 verbose stack Error: EACCES: permission denied, mkdir '/usr/local/lib/node_modules/bower-installer'
70 verbose stack     at Error (native)
71 verbose fstream_stack /usr/local/lib/node_modules/npm/node_modules/fstream/lib/dir-writer.js:35:25
71 verbose fstream_stack /usr/local/lib/node_modules/npm/node_modules/mkdirp/index.js:47:53
71 verbose fstream_stack FSReqWrap.oncomplete (fs.js:82:15)
72 verbose cwd /Users/navid/Documents/GitHub/Bootstrap-Jekyll
73 error Darwin 16.7.0
74 error argv "/usr/local/bin/node" "/usr/local/bin/npm" "install" "-g" "bower-installer"
75 error node v4.5.0
76 error npm  v2.15.9
77 error path /usr/local/lib/node_modules/bower-installer
78 error code EACCES
79 error errno -13
80 error syscall mkdir
81 error Error: EACCES: permission denied, mkdir '/usr/local/lib/node_modules/bower-installer'
81 error     at Error (native)
81 error  { [Error: EACCES: permission denied, mkdir '/usr/local/lib/node_modules/bower-installer']
81 error   errno: -13,
81 error   code: 'EACCES',
81 error   syscall: 'mkdir',
81 error   path: '/usr/local/lib/node_modules/bower-installer',
81 error   fstream_type: 'Directory',
81 error   fstream_path: '/usr/local/lib/node_modules/bower-installer',
81 error   fstream_class: 'DirWriter',
81 error   fstream_stack:
81 error    [ '/usr/local/lib/node_modules/npm/node_modules/fstream/lib/dir-writer.js:35:25',
81 error      '/usr/local/lib/node_modules/npm/node_modules/mkdirp/index.js:47:53',
81 error      'FSReqWrap.oncomplete (fs.js:82:15)' ] }
82 error Please try running this command again as root/Administrator.
83 verbose exit [ -13, true ]
84 verbose unbuild lib/node_modules/bower-installer
85 silly gentlyRm /usr/local/lib/node_modules/bower-installer is being purged from base /usr/local
86 verbose gentlyRm don't care about contents; nuking /usr/local/lib/node_modules/bower-installer
